{
  "stats": {
    "suites": 1,
    "tests": 1,
    "passes": 0,
    "pending": 0,
    "failures": 1,
    "start": "2025-12-16T14:15:13.199Z",
    "end": "2025-12-16T14:15:21.653Z",
    "duration": 8454,
    "testsRegistered": 1,
    "passPercent": 0,
    "pendingPercent": 0,
    "other": 0,
    "hasOther": false,
    "skipped": 0,
    "hasSkipped": false
  },
  "results": [
    {
      "uuid": "0e85ed4d-acda-4439-a5c9-7e69a5eabf2a",
      "title": "",
      "fullFile": "cypress\\e2e\\editCarsFunctionality.cy.js",
      "file": "cypress\\e2e\\editCarsFunctionality.cy.js",
      "beforeHooks": [],
      "afterHooks": [],
      "tests": [],
      "suites": [
        {
          "uuid": "cd5598aa-15b2-4f74-a2c9-8b3b789ff3dc",
          "title": "Login test",
          "fullFile": "",
          "file": "",
          "beforeHooks": [],
          "afterHooks": [],
          "tests": [
            {
              "title": "Should create an account and authorize with valid credentials",
              "fullTitle": "Login test Should create an account and authorize with valid credentials",
              "timedOut": null,
              "duration": 8337,
              "state": "failed",
              "speed": null,
              "pass": false,
              "fail": true,
              "pending": false,
              "context": null,
              "code": "_loginPageTrue.default.elementsHeader.logInButton().click();\n_loginPageTrue.default.loginField.emailField().type(Cypress.env('userEmail'));\n_loginPageTrue.default.loginField.passwordField().type(Cypress.env('userPassword'), {\n  sensitive: true\n});\n_loginPageTrue.default.loginField.loginButton().click();\ncy.url().should('include', '/panel/garage');\n_loginPageTrue.default.addCar();\ncy.get('[class*=\"car_name\"]').should('be.visible').and('contain.text', 'BMW 5');\n_loginPageTrue.default.fuelExpensesTab();\ncy.get('#carSelectDropdown').should('be.visible').and('contain.text', 'BMW 5');",
              "err": {
                "message": "AssertionError: Timed out retrying after 4000ms: expected 'https://qauto.forstudy.space/' to include '/panel/garage'",
                "estack": "AssertionError: Timed out retrying after 4000ms: expected 'https://qauto.forstudy.space/' to include '/panel/garage'\n    at Context.eval (webpack:///../e2e/editCarsFunctionality.cy.js:22:13)",
                "diff": null
              },
              "uuid": "69c31d94-0aeb-4edd-baed-df6ce82edca5",
              "parentUUID": "cd5598aa-15b2-4f74-a2c9-8b3b789ff3dc",
              "isHook": false,
              "skipped": false
            }
          ],
          "suites": [],
          "passes": [],
          "failures": [
            "69c31d94-0aeb-4edd-baed-df6ce82edca5"
          ],
          "pending": [],
          "skipped": [],
          "duration": 8337,
          "root": false,
          "rootEmpty": false,
          "_timeout": 2000
        }
      ],
      "passes": [],
      "failures": [],
      "pending": [],
      "skipped": [],
      "duration": 0,
      "root": true,
      "rootEmpty": true,
      "_timeout": 2000
    }
  ],
  "meta": {
    "mocha": {
      "version": "7.2.0"
    },
    "mochawesome": {
      "options": {
        "quiet": false,
        "reportFilename": "mochawesome",
        "saveHtml": true,
        "saveJson": true,
        "consoleReporter": "spec",
        "useInlineDiffs": false,
        "code": true
      },
      "version": "7.1.4"
    },
    "marge": {
      "options": {
        "reportDir": "cypress/reports",
        "overwrite": false,
        "html": true,
        "json": true
      },
      "version": "6.3.2"
    }
  }
}