{
  "stats": {
    "suites": 1,
    "tests": 1,
    "passes": 0,
    "pending": 0,
    "failures": 1,
    "start": "2025-12-16T14:13:00.488Z",
    "end": "2025-12-16T14:13:03.937Z",
    "duration": 3449,
    "testsRegistered": 1,
    "passPercent": 0,
    "pendingPercent": 0,
    "other": 0,
    "hasOther": false,
    "skipped": 0,
    "hasSkipped": false
  },
  "results": [
    {
      "uuid": "a7781432-a3ae-4b3a-8e5d-2be489335da4",
      "title": "",
      "fullFile": "cypress\\e2e\\editCarsFunctionality.cy.js",
      "file": "cypress\\e2e\\editCarsFunctionality.cy.js",
      "beforeHooks": [],
      "afterHooks": [],
      "tests": [],
      "suites": [
        {
          "uuid": "93ee1731-09c6-432b-b328-53d2e5da75a0",
          "title": "Login test",
          "fullFile": "",
          "file": "",
          "beforeHooks": [],
          "afterHooks": [],
          "tests": [
            {
              "title": "Should create an account and authorize with valid credentials",
              "fullTitle": "Login test Should create an account and authorize with valid credentials",
              "timedOut": null,
              "duration": 3335,
              "state": "failed",
              "speed": null,
              "pass": false,
              "fail": true,
              "pending": false,
              "context": null,
              "code": "_loginPageTrue.default.elementsHeader.logInButton().click();\n_loginPageTrue.default.loginField.emailField().type(_creds.default.user.email);\n_loginPageTrue.default.loginField.passwordField().type(_creds.default.user.password, {\n  sensitive: true\n});\n_loginPageTrue.default.loginField.loginButton().click();\ncy.url().should('include', '/panel/garage');\n_loginPageTrue.default.addCar();\ncy.get('[class*=\"car_name\"]').should('be.visible').and('contain.text', 'BMW 5');\n_loginPageTrue.default.fuelExpensesTab();\ncy.get('#carSelectDropdown').should('be.visible').and('contain.text', 'BMW 5');",
              "err": {
                "message": "TypeError: Cannot read properties of undefined (reading 'email')",
                "estack": "TypeError: Cannot read properties of undefined (reading 'email')\n    at Context.eval (webpack:///../e2e/editCarsFunctionality.cy.js:18:54)\n    at runnable.fn (https://qauto.forstudy.space/__cypress/runner/cypress_runner.js:146091:19)\n    at callFn (https://qauto.forstudy.space/__cypress/runner/cypress_runner.js:165185:21)\n    at Runnable.run (https://qauto.forstudy.space/__cypress/runner/cypress_runner.js:165172:7)\n    at <unknown> (https://qauto.forstudy.space/__cypress/runner/cypress_runner.js:171267:30)\n    at PassThroughHandlerContext.finallyHandler (https://qauto.forstudy.space/__cypress/runner/cypress_runner.js:4042:23)\n    at PassThroughHandlerContext.tryCatcher (https://qauto.forstudy.space/__cypress/runner/cypress_runner.js:1777:23)\n    at Promise._settlePromiseFromHandler (https://qauto.forstudy.space/__cypress/runner/cypress_runner.js:1489:31)\n    at Promise._settlePromise (https://qauto.forstudy.space/__cypress/runner/cypress_runner.js:1546:18)",
                "diff": null
              },
              "uuid": "4a4dc63c-227c-4032-921d-49c363d1733c",
              "parentUUID": "93ee1731-09c6-432b-b328-53d2e5da75a0",
              "isHook": false,
              "skipped": false
            }
          ],
          "suites": [],
          "passes": [],
          "failures": [
            "4a4dc63c-227c-4032-921d-49c363d1733c"
          ],
          "pending": [],
          "skipped": [],
          "duration": 3335,
          "root": false,
          "rootEmpty": false,
          "_timeout": 2000
        }
      ],
      "passes": [],
      "failures": [],
      "pending": [],
      "skipped": [],
      "duration": 0,
      "root": true,
      "rootEmpty": true,
      "_timeout": 2000
    }
  ],
  "meta": {
    "mocha": {
      "version": "7.2.0"
    },
    "mochawesome": {
      "options": {
        "quiet": false,
        "reportFilename": "mochawesome",
        "saveHtml": true,
        "saveJson": true,
        "consoleReporter": "spec",
        "useInlineDiffs": false,
        "code": true
      },
      "version": "7.1.4"
    },
    "marge": {
      "options": {
        "reportDir": "cypress/reports",
        "overwrite": false,
        "html": true,
        "json": true
      },
      "version": "6.3.2"
    }
  }
}