{
  "stats": {
    "suites": 1,
    "tests": 1,
    "passes": 1,
    "pending": 0,
    "failures": 0,
    "start": "2025-12-16T14:16:50.061Z",
    "end": "2025-12-16T14:16:57.941Z",
    "duration": 7880,
    "testsRegistered": 1,
    "passPercent": 100,
    "pendingPercent": 0,
    "other": 0,
    "hasOther": false,
    "skipped": 0,
    "hasSkipped": false
  },
  "results": [
    {
      "uuid": "c6a41f33-6557-4335-9de4-1705d8e56909",
      "title": "",
      "fullFile": "cypress\\e2e\\editCarsFunctionality.cy.js",
      "file": "cypress\\e2e\\editCarsFunctionality.cy.js",
      "beforeHooks": [],
      "afterHooks": [],
      "tests": [],
      "suites": [
        {
          "uuid": "e62dfbd5-42fe-4a23-b06a-0122ea4c2b3e",
          "title": "Login test",
          "fullFile": "",
          "file": "",
          "beforeHooks": [],
          "afterHooks": [],
          "tests": [
            {
              "title": "Should create an account and authorize with valid credentials",
              "fullTitle": "Login test Should create an account and authorize with valid credentials",
              "timedOut": null,
              "duration": 7756,
              "state": "passed",
              "speed": "medium",
              "pass": true,
              "fail": false,
              "pending": false,
              "context": null,
              "code": "_loginPageTrue.default.elementsHeader.logInButton().click();\n_loginPageTrue.default.loginField.emailField().type(Cypress.env('userEmail'));\n_loginPageTrue.default.loginField.passwordField().type(Cypress.env('userPassword'), {\n  sensitive: true\n});\n_loginPageTrue.default.loginField.loginButton().click();\ncy.url().should('include', '/panel/garage');\n_loginPageTrue.default.addCar();\ncy.get('[class*=\"car_name\"]').should('be.visible').and('contain.text', 'BMW 5');\n_loginPageTrue.default.fuelExpensesTab();\ncy.get('#carSelectDropdown').should('be.visible').and('contain.text', 'BMW 5');",
              "err": {},
              "uuid": "89d8b14e-594f-4730-901f-9611636b9324",
              "parentUUID": "e62dfbd5-42fe-4a23-b06a-0122ea4c2b3e",
              "isHook": false,
              "skipped": false
            }
          ],
          "suites": [],
          "passes": [
            "89d8b14e-594f-4730-901f-9611636b9324"
          ],
          "failures": [],
          "pending": [],
          "skipped": [],
          "duration": 7756,
          "root": false,
          "rootEmpty": false,
          "_timeout": 2000
        }
      ],
      "passes": [],
      "failures": [],
      "pending": [],
      "skipped": [],
      "duration": 0,
      "root": true,
      "rootEmpty": true,
      "_timeout": 2000
    }
  ],
  "meta": {
    "mocha": {
      "version": "7.2.0"
    },
    "mochawesome": {
      "options": {
        "quiet": false,
        "reportFilename": "mochawesome",
        "saveHtml": true,
        "saveJson": true,
        "consoleReporter": "spec",
        "useInlineDiffs": false,
        "code": true
      },
      "version": "7.1.4"
    },
    "marge": {
      "options": {
        "reportDir": "cypress/reports",
        "overwrite": false,
        "html": true,
        "json": true
      },
      "version": "6.3.2"
    }
  }
}