{
  "stats": {
    "suites": 1,
    "tests": 1,
    "passes": 0,
    "pending": 0,
    "failures": 1,
    "start": "2025-12-16T14:23:02.701Z",
    "end": "2025-12-16T14:23:11.475Z",
    "duration": 8774,
    "testsRegistered": 1,
    "passPercent": 0,
    "pendingPercent": 0,
    "other": 0,
    "hasOther": false,
    "skipped": 0,
    "hasSkipped": false
  },
  "results": [
    {
      "uuid": "d43b0a13-e752-46ec-8a97-4a4e0a2aa39c",
      "title": "",
      "fullFile": "cypress\\e2e\\editCarsFunctionality.cy.js",
      "file": "cypress\\e2e\\editCarsFunctionality.cy.js",
      "beforeHooks": [],
      "afterHooks": [],
      "tests": [],
      "suites": [
        {
          "uuid": "d1368d2a-1d31-420e-b822-d3685e8b7bfa",
          "title": "Login test",
          "fullFile": "",
          "file": "",
          "beforeHooks": [],
          "afterHooks": [],
          "tests": [
            {
              "title": "Should create a car and edit cars values with Fuel expences tab.",
              "fullTitle": "Login test Should create a car and edit cars values with Fuel expences tab.",
              "timedOut": null,
              "duration": 8653,
              "state": "failed",
              "speed": null,
              "pass": false,
              "fail": true,
              "pending": false,
              "context": null,
              "code": "_loginPageTrue.default.elementsHeader.logInButton().click();\n_loginPageTrue.default.loginField.emailField().type(Cypress.env('userEmail'));\n_loginPageTrue.default.loginField.passwordField().type(Cypress.env('userPassword'), {\n  sensitive: true\n});\n_loginPageTrue.default.loginField.loginButton().click();\n// cy.url().should('include', '/panel/garage');\n_loginPageTrue.default.addCar();\ncy.get('[class*=\"car_name\"]').should('be.visible').and('contain.text', 'BMW 5');\n_loginPageTrue.default.fuelExpensesTab();\ncy.get('#carSelectDropdown').should('be.visible').and('contain.text', 'BMW 5');",
              "err": {
                "message": "CypressError: Timed out retrying after 4050ms: `cy.click()` failed because this element:\n\n`<button _ngcontent-msb-c64=\"\" class=\"hero-descriptor_btn btn btn-primary\">Sign up</button>`\n\nis being covered by another element:\n\n`<ngb-modal-window role=\"dialog\" tabindex=\"-1\" aria-modal=\"true\" class=\"d-block modal fade show\">...</ngb-modal-window>`\n\nFix this problem, or use {force: true} to disable error checking.\n\nhttps://on.cypress.io/element-cannot-be-interacted-with",
                "estack": "CypressError: Timed out retrying after 4050ms: `cy.click()` failed because this element:\n\n`<button _ngcontent-msb-c64=\"\" class=\"hero-descriptor_btn btn btn-primary\">Sign up</button>`\n\nis being covered by another element:\n\n`<ngb-modal-window role=\"dialog\" tabindex=\"-1\" aria-modal=\"true\" class=\"d-block modal fade show\">...</ngb-modal-window>`\n\nFix this problem, or use {force: true} to disable error checking.\n\nhttps://on.cypress.io/element-cannot-be-interacted-with\n    at ensureIsDescendent (https://qauto2.forstudy.space/__cypress/runner/cypress_runner.js:114805:68)\n    at ensureDescendents (https://qauto2.forstudy.space/__cypress/runner/cypress_runner.js:114856:5)\n    at ensureDescendentsAndScroll (https://qauto2.forstudy.space/__cypress/runner/cypress_runner.js:114862:14)\n    at ensureElIsNotCovered (https://qauto2.forstudy.space/__cypress/runner/cypress_runner.js:114993:5)\n    at runAllChecks (https://qauto2.forstudy.space/__cypress/runner/cypress_runner.js:115192:52)\n    at retryActionability (https://qauto2.forstudy.space/__cypress/runner/cypress_runner.js:115229:16)\n    at tryCatcher (https://qauto2.forstudy.space/__cypress/runner/cypress_runner.js:1777:23)\n    at Promise.attempt.Promise.try (https://qauto2.forstudy.space/__cypress/runner/cypress_runner.js:4285:29)\n    at whenStable (https://qauto2.forstudy.space/__cypress/runner/cypress_runner.js:151493:68)\n    at <unknown> (https://qauto2.forstudy.space/__cypress/runner/cypress_runner.js:151434:14)\n    at tryCatcher (https://qauto2.forstudy.space/__cypress/runner/cypress_runner.js:1777:23)\n    at Promise._settlePromiseFromHandler (https://qauto2.forstudy.space/__cypress/runner/cypress_runner.js:1489:31)\n    at Promise._settlePromise (https://qauto2.forstudy.space/__cypress/runner/cypress_runner.js:1546:18)\n    at Promise._settlePromise0 (https://qauto2.forstudy.space/__cypress/runner/cypress_runner.js:1591:10)\n    at Promise._settlePromises (https://qauto2.forstudy.space/__cypress/runner/cypress_runner.js:1671:18)\n    at Promise._fulfill (https://qauto2.forstudy.space/__cypress/runner/cypress_runner.js:1615:18)\n    at <unknown> (https://qauto2.forstudy.space/__cypress/runner/cypress_runner.js:5420:46)\nFrom Your Spec Code:\n    at LoginPage.addCar (webpack:///../../pageObjects/loginPageTrue.js:41:39)\n    at Context.eval (webpack:///../e2e/editCarsFunctionality.cy.js:23:14)",
                "diff": null
              },
              "uuid": "17122dbe-f491-4d02-b9d7-0a9ecb8f2969",
              "parentUUID": "d1368d2a-1d31-420e-b822-d3685e8b7bfa",
              "isHook": false,
              "skipped": false
            }
          ],
          "suites": [],
          "passes": [],
          "failures": [
            "17122dbe-f491-4d02-b9d7-0a9ecb8f2969"
          ],
          "pending": [],
          "skipped": [],
          "duration": 8653,
          "root": false,
          "rootEmpty": false,
          "_timeout": 2000
        }
      ],
      "passes": [],
      "failures": [],
      "pending": [],
      "skipped": [],
      "duration": 0,
      "root": true,
      "rootEmpty": true,
      "_timeout": 2000
    }
  ],
  "meta": {
    "mocha": {
      "version": "7.2.0"
    },
    "mochawesome": {
      "options": {
        "quiet": false,
        "reportFilename": "mochawesome",
        "saveHtml": true,
        "saveJson": true,
        "consoleReporter": "spec",
        "useInlineDiffs": false,
        "code": true
      },
      "version": "7.1.4"
    },
    "marge": {
      "options": {
        "reportDir": "cypress/reports",
        "overwrite": false,
        "html": true,
        "json": true
      },
      "version": "6.3.2"
    }
  }
}