{
  "stats": {
    "suites": 1,
    "tests": 1,
    "passes": 0,
    "pending": 0,
    "failures": 1,
    "start": "2025-12-16T14:20:06.214Z",
    "end": "2025-12-16T14:20:15.224Z",
    "duration": 9010,
    "testsRegistered": 1,
    "passPercent": 0,
    "pendingPercent": 0,
    "other": 0,
    "hasOther": false,
    "skipped": 0,
    "hasSkipped": false
  },
  "results": [
    {
      "uuid": "cd891ccd-dcad-4463-adb4-5d4b5e661d3e",
      "title": "",
      "fullFile": "cypress\\e2e\\editCarsFunctionality.cy.js",
      "file": "cypress\\e2e\\editCarsFunctionality.cy.js",
      "beforeHooks": [],
      "afterHooks": [],
      "tests": [],
      "suites": [
        {
          "uuid": "3908dfdc-80a0-400b-b328-5eb0396fa49d",
          "title": "Login test",
          "fullFile": "",
          "file": "",
          "beforeHooks": [],
          "afterHooks": [],
          "tests": [
            {
              "title": "Should create a car and edit cars values with Fuel expences tab.",
              "fullTitle": "Login test Should create a car and edit cars values with Fuel expences tab.",
              "timedOut": null,
              "duration": 8865,
              "state": "failed",
              "speed": null,
              "pass": false,
              "fail": true,
              "pending": false,
              "context": null,
              "code": "_loginPageTrue.default.elementsHeader.logInButton().click();\n_loginPageTrue.default.loginField.emailField().type(Cypress.env('userEmail'));\n_loginPageTrue.default.loginField.passwordField().type(Cypress.env('userPassword'), {\n  sensitive: true\n});\n_loginPageTrue.default.loginField.loginButton().click();\ncy.url().should('include', '/panel/garage');\n_loginPageTrue.default.addCar();\ncy.get('[class*=\"car_name\"]').should('be.visible').and('contain.text', 'BMW 5');\n_loginPageTrue.default.fuelExpensesTab();\ncy.get('#carSelectDropdown').should('be.visible').and('contain.text', 'BMW 5');",
              "err": {
                "message": "AssertionError: Timed out retrying after 4000ms: expected 'https://qauto2.forstudy.space/' to include '/panel/garage'",
                "estack": "AssertionError: Timed out retrying after 4000ms: expected 'https://qauto2.forstudy.space/' to include '/panel/garage'\n    at Context.eval (webpack:///../e2e/editCarsFunctionality.cy.js:21:13)",
                "diff": null
              },
              "uuid": "fd18a6c0-2d7e-464a-a4c1-6765e7e98831",
              "parentUUID": "3908dfdc-80a0-400b-b328-5eb0396fa49d",
              "isHook": false,
              "skipped": false
            }
          ],
          "suites": [],
          "passes": [],
          "failures": [
            "fd18a6c0-2d7e-464a-a4c1-6765e7e98831"
          ],
          "pending": [],
          "skipped": [],
          "duration": 8865,
          "root": false,
          "rootEmpty": false,
          "_timeout": 2000
        }
      ],
      "passes": [],
      "failures": [],
      "pending": [],
      "skipped": [],
      "duration": 0,
      "root": true,
      "rootEmpty": true,
      "_timeout": 2000
    }
  ],
  "meta": {
    "mocha": {
      "version": "7.2.0"
    },
    "mochawesome": {
      "options": {
        "quiet": false,
        "reportFilename": "mochawesome",
        "saveHtml": true,
        "saveJson": true,
        "consoleReporter": "spec",
        "useInlineDiffs": false,
        "code": true
      },
      "version": "7.1.4"
    },
    "marge": {
      "options": {
        "reportDir": "cypress/reports",
        "overwrite": false,
        "html": true,
        "json": true
      },
      "version": "6.3.2"
    }
  }
}